[2024-09-13T09:15:01.513+0000] {local_task_job_runner.py:123} INFO - ::group::Pre task execution logs
[2024-09-13T09:15:01.523+0000] {taskinstance.py:2612} INFO - Dependencies all met for dep_context=non-requeueable deps ti=<TaskInstance: download_rocket_launch_dag.notify manual__2024-09-13T09:14:39.505530+00:00 [queued]>
[2024-09-13T09:15:01.528+0000] {taskinstance.py:2612} INFO - Dependencies all met for dep_context=requeueable deps ti=<TaskInstance: download_rocket_launch_dag.notify manual__2024-09-13T09:14:39.505530+00:00 [queued]>
[2024-09-13T09:15:01.529+0000] {taskinstance.py:2865} INFO - Starting attempt 1 of 1
[2024-09-13T09:15:01.538+0000] {taskinstance.py:2888} INFO - Executing <Task(BashOperator): notify> on 2024-09-13 09:14:39.505530+00:00
[2024-09-13T09:15:01.589+0000] {warnings.py:112} WARNING - /home/***/.local/lib/python3.12/site-packages/***/task/task_runner/standard_task_runner.py:70: DeprecationWarning: This process (pid=112) is multi-threaded, use of fork() may lead to deadlocks in the child.
  pid = os.fork()

[2024-09-13T09:15:01.591+0000] {standard_task_runner.py:72} INFO - Started process 114 to run task
[2024-09-13T09:15:01.592+0000] {standard_task_runner.py:104} INFO - Running: ['***', 'tasks', 'run', 'download_rocket_launch_dag', 'notify', 'manual__2024-09-13T09:14:39.505530+00:00', '--job-id', '16', '--raw', '--subdir', 'DAGS_FOLDER/download_rocket_launch.py', '--cfg-path', '/tmp/tmpstlwkk75']
[2024-09-13T09:15:01.593+0000] {standard_task_runner.py:105} INFO - Job 16: Subtask notify
[2024-09-13T09:15:01.640+0000] {task_command.py:467} INFO - Running <TaskInstance: download_rocket_launch_dag.notify manual__2024-09-13T09:14:39.505530+00:00 [running]> on host 28bc5394dfc7
[2024-09-13T09:15:01.695+0000] {taskinstance.py:3131} INFO - Exporting env vars: AIRFLOW_CTX_DAG_OWNER='***' AIRFLOW_CTX_DAG_ID='download_rocket_launch_dag' AIRFLOW_CTX_TASK_ID='notify' AIRFLOW_CTX_EXECUTION_DATE='2024-09-13T09:14:39.505530+00:00' AIRFLOW_CTX_TRY_NUMBER='1' AIRFLOW_CTX_DAG_RUN_ID='manual__2024-09-13T09:14:39.505530+00:00'
[2024-09-13T09:15:01.696+0000] {logging_mixin.py:190} INFO - Task instance is in running state
[2024-09-13T09:15:01.696+0000] {logging_mixin.py:190} INFO -  Previous state of the Task instance: queued
[2024-09-13T09:15:01.697+0000] {logging_mixin.py:190} INFO - Current task name:notify state:running start_date:2024-09-13 09:15:01.524062+00:00
[2024-09-13T09:15:01.697+0000] {logging_mixin.py:190} INFO - Dag name:download_rocket_launch_dag and current dag run status:running
[2024-09-13T09:15:01.697+0000] {taskinstance.py:731} INFO - ::endgroup::
[2024-09-13T09:15:01.698+0000] {subprocess.py:63} INFO - Tmp dir root location: /tmp
[2024-09-13T09:15:01.699+0000] {subprocess.py:75} INFO - Running command: ['/usr/bin/bash', '-c', 'echo "There are now $(ls /tmp/images/ | wc -l) images."']
[2024-09-13T09:15:01.706+0000] {subprocess.py:86} INFO - Output:
[2024-09-13T09:15:01.710+0000] {subprocess.py:93} INFO - ls: cannot access '/tmp/images/': No such file or directory
[2024-09-13T09:15:01.710+0000] {subprocess.py:93} INFO - There are now 0 images.
[2024-09-13T09:15:01.711+0000] {subprocess.py:97} INFO - Command exited with return code 0
[2024-09-13T09:15:01.725+0000] {taskinstance.py:340} INFO - ::group::Post task execution logs
[2024-09-13T09:15:01.726+0000] {taskinstance.py:352} INFO - Marking task as SUCCESS. dag_id=download_rocket_launch_dag, task_id=notify, run_id=manual__2024-09-13T09:14:39.505530+00:00, execution_date=20240913T091439, start_date=20240913T091501, end_date=20240913T091501
[2024-09-13T09:15:01.732+0000] {logging_mixin.py:190} INFO - Task instance in success state
[2024-09-13T09:15:01.732+0000] {logging_mixin.py:190} INFO -  Previous state of the Task instance: running
[2024-09-13T09:15:01.732+0000] {logging_mixin.py:190} INFO - Dag name:download_rocket_launch_dag queued_at:2024-09-13 09:14:39.515622+00:00
[2024-09-13T09:15:01.733+0000] {logging_mixin.py:190} INFO - Task hostname:28bc5394dfc7 operator:BashOperator
[2024-09-13T09:15:01.767+0000] {local_task_job_runner.py:266} INFO - Task exited with return code 0
[2024-09-13T09:15:01.780+0000] {taskinstance.py:3900} INFO - 0 downstream tasks scheduled from follow-on schedule check
[2024-09-13T09:15:01.781+0000] {local_task_job_runner.py:245} INFO - ::endgroup::
