[2024-09-13T08:37:22.062+0000] {local_task_job_runner.py:123} INFO - ::group::Pre task execution logs
[2024-09-13T08:37:22.075+0000] {taskinstance.py:2612} INFO - Dependencies all met for dep_context=non-requeueable deps ti=<TaskInstance: download_rocket_launch_dag.get_pictures manual__2024-09-13T08:37:16.687763+00:00 [queued]>
[2024-09-13T08:37:22.081+0000] {taskinstance.py:2612} INFO - Dependencies all met for dep_context=requeueable deps ti=<TaskInstance: download_rocket_launch_dag.get_pictures manual__2024-09-13T08:37:16.687763+00:00 [queued]>
[2024-09-13T08:37:22.082+0000] {taskinstance.py:2865} INFO - Starting attempt 1 of 1
[2024-09-13T08:37:22.090+0000] {taskinstance.py:2888} INFO - Executing <Task(PythonOperator): get_pictures> on 2024-09-13 08:37:16.687763+00:00
[2024-09-13T08:37:22.096+0000] {warnings.py:112} WARNING - /home/***/.local/lib/python3.12/site-packages/***/task/task_runner/standard_task_runner.py:70: DeprecationWarning: This process (pid=90) is multi-threaded, use of fork() may lead to deadlocks in the child.
  pid = os.fork()

[2024-09-13T08:37:22.098+0000] {standard_task_runner.py:104} INFO - Running: ['***', 'tasks', 'run', 'download_rocket_launch_dag', 'get_pictures', 'manual__2024-09-13T08:37:16.687763+00:00', '--job-id', '4', '--raw', '--subdir', 'DAGS_FOLDER/download_rocket_launch.py', '--cfg-path', '/tmp/tmpt4ydj7d3']
[2024-09-13T08:37:22.100+0000] {standard_task_runner.py:72} INFO - Started process 92 to run task
[2024-09-13T08:37:22.101+0000] {standard_task_runner.py:105} INFO - Job 4: Subtask get_pictures
[2024-09-13T08:37:22.150+0000] {task_command.py:467} INFO - Running <TaskInstance: download_rocket_launch_dag.get_pictures manual__2024-09-13T08:37:16.687763+00:00 [running]> on host 1f4998d84f91
[2024-09-13T08:37:22.210+0000] {taskinstance.py:3131} INFO - Exporting env vars: AIRFLOW_CTX_DAG_OWNER='***' AIRFLOW_CTX_DAG_ID='download_rocket_launch_dag' AIRFLOW_CTX_TASK_ID='get_pictures' AIRFLOW_CTX_EXECUTION_DATE='2024-09-13T08:37:16.687763+00:00' AIRFLOW_CTX_TRY_NUMBER='1' AIRFLOW_CTX_DAG_RUN_ID='manual__2024-09-13T08:37:16.687763+00:00'
[2024-09-13T08:37:22.211+0000] {logging_mixin.py:190} INFO - Task instance is in running state
[2024-09-13T08:37:22.212+0000] {logging_mixin.py:190} INFO -  Previous state of the Task instance: queued
[2024-09-13T08:37:22.212+0000] {logging_mixin.py:190} INFO - Current task name:get_pictures state:running start_date:2024-09-13 08:37:22.075897+00:00
[2024-09-13T08:37:22.213+0000] {logging_mixin.py:190} INFO - Dag name:download_rocket_launch_dag and current dag run status:running
[2024-09-13T08:37:22.213+0000] {taskinstance.py:731} INFO - ::endgroup::
[2024-09-13T08:37:26.586+0000] {logging_mixin.py:190} INFO - Downloaded https://thespacedevs-prod.nyc3.digitaloceanspaces.com/media/images/falcon_9_image_20230807133459.jpeg to /tmp/images/falcon_9_image_20230807133459.jpeg
[2024-09-13T08:37:28.035+0000] {logging_mixin.py:190} INFO - Downloaded https://thespacedevs-prod.nyc3.digitaloceanspaces.com/media/images/falcon2520925_image_20221009234147.png to /tmp/images/falcon2520925_image_20221009234147.png
[2024-09-13T08:37:29.653+0000] {logging_mixin.py:190} INFO - Downloaded https://thespacedevs-prod.nyc3.digitaloceanspaces.com/media/images/falcon_9_image_20230807133459.jpeg to /tmp/images/falcon_9_image_20230807133459.jpeg
[2024-09-13T08:37:30.681+0000] {logging_mixin.py:190} INFO - Downloaded https://thespacedevs-prod.nyc3.digitaloceanspaces.com/media/images/h-iia_202_lifto_image_20240325123250.jpg to /tmp/images/h-iia_202_lifto_image_20240325123250.jpg
[2024-09-13T08:37:32.349+0000] {logging_mixin.py:190} INFO - Downloaded https://thespacedevs-prod.nyc3.digitaloceanspaces.com/media/images/electron_image_20190705175640.jpeg to /tmp/images/electron_image_20190705175640.jpeg
[2024-09-13T08:37:33.608+0000] {logging_mixin.py:190} INFO - Downloaded https://thespacedevs-prod.nyc3.digitaloceanspaces.com/media/images/falcon2520925_image_20220301072106.jpeg to /tmp/images/falcon2520925_image_20220301072106.jpeg
[2024-09-13T08:37:35.169+0000] {logging_mixin.py:190} INFO - Downloaded https://thespacedevs-prod.nyc3.digitaloceanspaces.com/media/images/ceres-1_image_20230722081939.jpeg to /tmp/images/ceres-1_image_20230722081939.jpeg
[2024-09-13T08:37:36.805+0000] {logging_mixin.py:190} INFO - Downloaded https://thespacedevs-prod.nyc3.digitaloceanspaces.com/media/images/falcon_9_image_20230807133459.jpeg to /tmp/images/falcon_9_image_20230807133459.jpeg
[2024-09-13T08:37:38.070+0000] {logging_mixin.py:190} INFO - Downloaded https://thespacedevs-prod.nyc3.digitaloceanspaces.com/media/images/soyuz_2.1b_image_20230802085331.jpg to /tmp/images/soyuz_2.1b_image_20230802085331.jpg
[2024-09-13T08:37:39.334+0000] {logging_mixin.py:190} INFO - Downloaded https://thespacedevs-prod.nyc3.digitaloceanspaces.com/media/images/falcon2520925_image_20240101100955.jpeg to /tmp/images/falcon2520925_image_20240101100955.jpeg
[2024-09-13T08:37:39.335+0000] {python.py:240} INFO - Done. Returned value was: None
[2024-09-13T08:37:39.344+0000] {taskinstance.py:340} INFO - ::group::Post task execution logs
[2024-09-13T08:37:39.345+0000] {taskinstance.py:352} INFO - Marking task as SUCCESS. dag_id=download_rocket_launch_dag, task_id=get_pictures, run_id=manual__2024-09-13T08:37:16.687763+00:00, execution_date=20240913T083716, start_date=20240913T083722, end_date=20240913T083739
[2024-09-13T08:37:39.352+0000] {logging_mixin.py:190} INFO - Task instance in success state
[2024-09-13T08:37:39.352+0000] {logging_mixin.py:190} INFO -  Previous state of the Task instance: running
[2024-09-13T08:37:39.353+0000] {logging_mixin.py:190} INFO - Dag name:download_rocket_launch_dag queued_at:2024-09-13 08:37:16.705764+00:00
[2024-09-13T08:37:39.353+0000] {logging_mixin.py:190} INFO - Task hostname:1f4998d84f91 operator:PythonOperator
[2024-09-13T08:37:39.385+0000] {local_task_job_runner.py:266} INFO - Task exited with return code 0
[2024-09-13T08:37:39.410+0000] {taskinstance.py:3900} INFO - 1 downstream tasks scheduled from follow-on schedule check
[2024-09-13T08:37:39.412+0000] {local_task_job_runner.py:245} INFO - ::endgroup::
